async function makeNetworkCall(){
    const promise = await fetch('https://gist.githubusercontent.com//36fade16fa39202715656ef487aaf7b0/raw/2b682e589ef283f06be42d2799dfa54f57794a6e/Pizza.json');
    const data = await promise.json();
    console.log('Data is ', data);
}
makeNetworkCall();
Promise {<pending>}
VM19:2     GET https://gist.githubusercontent.com/36fade16fa39202715656ef487aaf7b0/raw/2b682e589ef283f06be42d2799dfa54f57794a6e/Pizza.json 400
makeNetworkCall @ VM19:2
(anonymous) @ VM19:6
VM20:1 Uncaught (in promise) SyntaxError: Unexpected non-whitespace character after JSON at position 3
await (async)
(anonymous) @ VM19:6
async function makeNetworkCall(){
    const promise = await fetch('https://gist.githubusercontent.com/kshirsagarps/36fade16fa39202715656ef487aaf7b0/raw/2b682e589ef283f06be42d2799dfa54f57794a6e/Pizza.json');
    const data = await promise.json();
    console.log('Data is ', data);
}
makeNetworkCall();
Promise {<pending>}
VM26:4 Data is  {Vegetarian: Array(3)}
var obj = {id:1001, name;"Ram"};
VM107:1 Uncaught SyntaxError: Unexpected token ';'
var obj = {id:1001, name:"Ram"};
undefined
json.stringify(obj);
VM176:1 Uncaught ReferenceError: json is not defined
    at <anonymous>:1:1
(anonymous) @ VM176:1
JSON.stringify(obj);
'{"id":1001,"name":"Ram"}'
typeof JSON;
'object'
obj.id;
1001
JSON.id;
undefined
var t = JSON.parse();
VM348:1 Uncaught SyntaxError: "undefined" is not valid JSON
    at JSON.parse (<anonymous>)
    at <anonymous>:1:14
(anonymous) @ VM347:1
async function makeNetworkCall2(){
    try{
        const response = await fetch('https://gist.githubusercontent.com/kshirsagarps/36fade16fa39202715656ef487aaf7b0/raw/2b682e589ef283f06be42d2799dfa54f57794a6e/Pizza.json');
        console.log('Response is ', response);
        const object = await response.json();
        console.log('JSON', obj);
        return object;
    }
    catch(err){
        console.log('Some Problem in API call ', err);
    }
}

undefined
const p = makeNetworkCall2();
undefined
VM389:4 Response is  Response {type: 'cors', url: 'https://gist.githubusercontent.com/kshirsagarps/36…682e589ef283f06be42d2799dfa54f57794a6e/Pizza.json', redirected: false, status: 200, ok: true, …}body: (...)bodyUsed: trueheaders: Headers {}ok: trueredirected: falsestatus: 200statusText: ""type: "cors"url: "https://gist.githubusercontent.com/kshirsagarps/36fade16fa39202715656ef487aaf7b0/raw/2b682e589ef283f06be42d2799dfa54f57794a6e/Pizza.json"[[Prototype]]: Response
VM389:6 JSON {id: 1001, name: 'Ram'}
