function customer(){
    var show = function(){
        console.log("Customer show");
    }
    var add = function(){
        console.log("Customer add");
    }
    return {add,show};
}
undefined
window.customer;
ƒ customer(){
    var show = function(){
        console.log("Customer show");
    }
    var add = function(){
        console.log("Customer add");
    }
    return {add,show};
}
var obj = customer;
undefined
obj.add();
VM483:1 Uncaught TypeError: obj.add is not a function
    at <anonymous>:1:5
(anonymous) @ VM483:1
customer().add();
VM373:6 Customer add
undefined
var obj = customer();
undefined
obj.add();
VM373:6 Customer add
undefined
obj.show();
VM373:3 Customer show
undefined
//Arrow Function
undefined
function add(x,y){
    return x+y;
}
undefined
const addition = () => x+y;
undefined
const addition = (x,y) => x+y;
undefined
addition(1,5);
6
/*Arrow Function : short hand 
                   single line*/
undefined
function xyz(){
    console.log("Xyz");
}
undefined
var e = new xyz();
VM1230:2 Xyz
undefined
e instanceof xyz;
true
function xyz(){
    console.log("Xyz", this);
}
undefined
xyz();
VM1375:2 Xyz Window {window: Window, self: Window, document: document, name: '', location: Location, …}add: ƒ add(x,y)arguments: nullcaller: nulllength: 2name: "add"prototype: constructor: ƒ add(x,y)arguments: nullcaller: nulllength: 2name: "add"prototype: constructor: ƒ add(x,y)arguments: nullcaller: nulllength: 2name: "add"prototype: constructor: ƒ add(x,y)arguments: nullcaller: nulllength: 2name: "add"prototype: constructor: ƒ add(x,y)arguments: nullcaller: nulllength: 2name: "add"prototype: constructor: ƒ add(x,y)arguments: nullcaller: nulllength: 2name: "add"prototype: constructor: ƒ add(x,y)arguments: nullcaller: nulllength: 2name: "add"prototype: constructor: ƒ add(x,y)arguments: nullcaller: nulllength: 2name: "add"prototype: constructor: ƒ add(x,y)arguments: nullcaller: nulllength: 2name: "add"prototype: {constructor: ƒ}[[FunctionLocation]]: VM847:1[[Prototype]]: ƒ ()apply: ƒ apply()arguments: (...)bind: ƒ bind()call: ƒ call()caller: (...)constructor: ƒ Function()length: 0name: ""toString: ƒ toString()Symbol(Symbol.hasInstance): ƒ [Symbol.hasInstance]()get arguments: ƒ ()set arguments: ƒ ()get caller: ƒ ()set caller: ƒ ()[[FunctionLocation]]: [[Prototype]]: Objectconstructor: ƒ Object()hasOwnProperty: ƒ hasOwnProperty()isPrototypeOf: ƒ isPrototypeOf()propertyIsEnumerable: ƒ propertyIsEnumerable()toLocaleString: ƒ toLocaleString()toString: ƒ toString()valueOf: ƒ valueOf()__defineGetter__: ƒ __defineGetter__()__defineSetter__: ƒ __defineSetter__()__lookupGetter__: ƒ __lookupGetter__()__lookupSetter__: ƒ __lookupSetter__()__proto__: (...)get __proto__: ƒ __proto__()set __proto__: ƒ __proto__()[[Scopes]]: Scopes[0][[Scopes]]: Scopes[2]0: Script {g: undefined, addition: ƒ, e1: ƒ}1: Global {window: Window, self: Window, document: document, name: '', location: Location, …}[[Prototype]]: Object[[FunctionLocation]]: VM847:1[[Prototype]]: ƒ ()apply: ƒ apply()arguments: (...)bind: ƒ bind()call: ƒ call()caller: (...)constructor: ƒ Function()length: 0name: ""toString: ƒ toString()Symbol(Symbol.hasInstance): ƒ [Symbol.hasInstance]()get arguments: ƒ ()set arguments: ƒ ()get caller: ƒ ()set caller: ƒ ()[[FunctionLocation]]: [[Prototype]]: Object[[Scopes]]: Scopes[0][[Scopes]]: Scopes[2][[Prototype]]: Objectconstructor: ƒ Object()assign: ƒ assign()create: ƒ create()defineProperties: ƒ defineProperties()defineProperty: ƒ defineProperty()entries: ƒ entries()freeze: ƒ freeze()fromEntries: ƒ fromEntries()getOwnPropertyDescriptor: ƒ getOwnPropertyDescriptor()getOwnPropertyDescriptors: ƒ getOwnPropertyDescriptors()getOwnPropertyNames: ƒ getOwnPropertyNames()getOwnPropertySymbols: ƒ getOwnPropertySymbols()getPrototypeOf: ƒ getPrototypeOf()hasOwn: ƒ hasOwn()is: ƒ is()isExtensible: ƒ isExtensible()isFrozen: ƒ isFrozen()isSealed: ƒ isSealed()keys: ƒ keys()length: 1name: "Object"preventExtensions: ƒ preventExtensions()prototype: {constructor: ƒ, __defineGetter__: ƒ, __defineSetter__: ƒ, hasOwnProperty: ƒ, __lookupGetter__: ƒ, …}seal: ƒ seal()setPrototypeOf: ƒ setPrototypeOf()values: ƒ values()arguments: (...)caller: (...)[[Prototype]]: ƒ ()[[Scopes]]: Scopes[0]hasOwnProperty: ƒ hasOwnProperty()isPrototypeOf: ƒ isPrototypeOf()propertyIsEnumerable: ƒ propertyIsEnumerable()toLocaleString: ƒ toLocaleString()toString: ƒ toString()valueOf: ƒ valueOf()__defineGetter__: ƒ __defineGetter__()__defineSetter__: ƒ __defineSetter__()__lookupGetter__: ƒ __lookupGetter__()__lookupSetter__: ƒ __lookupSetter__()__proto__: (...)get __proto__: ƒ __proto__()set __proto__: ƒ __proto__()[[FunctionLocation]]: VM847:1[[Prototype]]: ƒ ()[[Scopes]]: Scopes[2][[Prototype]]: Objectconstructor: ƒ Object()hasOwnProperty: ƒ hasOwnProperty()isPrototypeOf: ƒ isPrototypeOf()propertyIsEnumerable: ƒ propertyIsEnumerable()toLocaleString: ƒ toLocaleString()toString: ƒ toString()valueOf: ƒ valueOf()__defineGetter__: ƒ __defineGetter__()__defineSetter__: ƒ __defineSetter__()__lookupGetter__: ƒ __lookupGetter__()__lookupSetter__: ƒ __lookupSetter__()__proto__: (...)get __proto__: ƒ __proto__()set __proto__: ƒ __proto__()[[FunctionLocation]]: VM847:1[[Prototype]]: ƒ ()[[Scopes]]: Scopes[2][[Prototype]]: Objectconstructor: ƒ Object()hasOwnProperty: ƒ hasOwnProperty()isPrototypeOf: ƒ isPrototypeOf()propertyIsEnumerable: ƒ propertyIsEnumerable()toLocaleString: ƒ toLocaleString()toString: ƒ toString()valueOf: ƒ valueOf()__defineGetter__: ƒ __defineGetter__()__defineSetter__: ƒ __defineSetter__()__lookupGetter__: ƒ __lookupGetter__()__lookupSetter__: ƒ __lookupSetter__()__proto__: (...)get __proto__: ƒ __proto__()set __proto__: ƒ __proto__()[[FunctionLocation]]: VM847:1[[Prototype]]: ƒ ()[[Scopes]]: Scopes[2][[Prototype]]: Object[[FunctionLocation]]: VM847:1[[Prototype]]: ƒ ()[[Scopes]]: Scopes[2][[Prototype]]: Object[[FunctionLocation]]: VM847:1[[Prototype]]: ƒ ()[[Scopes]]: Scopes[2][[Prototype]]: Object[[FunctionLocation]]: VM847:1[[Prototype]]: ƒ ()[[Scopes]]: Scopes[2][[Prototype]]: Object[[FunctionLocation]]: VM847:1[[Prototype]]: ƒ ()[[Scopes]]: Scopes[2]alert: ƒ alert()atob: ƒ atob()blur: ƒ blur()btoa: ƒ btoa()cancelAnimationFrame: ƒ cancelAnimationFrame()cancelIdleCallback: ƒ cancelIdleCallback()captureEvents: ƒ captureEvents()chrome: {loadTimes: ƒ, csi: ƒ}clearInterval: ƒ clearInterval()clearTimeout: ƒ clearTimeout()clientInformation: Navigator {vendorSub: '', productSub: '20030107', vendor: 'Google Inc.', maxTouchPoints: 1, scheduling: Scheduling, …}close: ƒ close()closed: falseconfirm: ƒ confirm()createImageBitmap: ƒ createImageBitmap()credentialless: falsecrossOriginIsolated: falsecrypto: Crypto {}customElements: CustomElementRegistry {}customer: ƒ customer()devicePixelRatio: 2.0000000298023224document: documente: xyz {}external: External {}fetch: ƒ fetch()find: ƒ find()focus: ƒ focus()frameElement: nullframes: Window {window: Window, self: Window, document: document, name: '', location: Location, …}getComputedStyle: ƒ getComputedStyle()getSelection: ƒ getSelection()gg: undefinedhistory: History {length: 2, scrollRestoration: 'auto', state: null}indexedDB: IDBFactory {}innerHeight: 42innerWidth: 1134isSecureContext: falselaunchQueue: LaunchQueue {}length: 0localStorage: (...)location: Location {ancestorOrigins: DOMStringList, href: 'about:blank', origin: 'null', protocol: 'about:', host: '', …}locationbar: BarProp {visible: true}matchMedia: ƒ matchMedia()menubar: BarProp {visible: true}moveBy: ƒ moveBy()moveTo: ƒ moveTo()name: ""navigation: Navigation {currentEntry: null, transition: null, canGoBack: false, canGoForward: false, onnavigate: null, …}navigator: Navigator {vendorSub: '', productSub: '20030107', vendor: 'Google Inc.', maxTouchPoints: 1, scheduling: Scheduling, …}obj: {add: ƒ, show: ƒ}onabort: nullonafterprint: nullonanimationend: nullonanimationiteration: nullonanimationstart: nullonappinstalled: nullonauxclick: nullonbeforeinput: nullonbeforeinstallprompt: nullonbeforematch: nullonbeforeprint: nullonbeforetoggle: nullonbeforeunload: nullonbeforexrselect: nullonblur: nulloncancel: nulloncanplay: nulloncanplaythrough: nullonchange: nullonclick: nullonclose: nulloncontentvisibilityautostatechange: nulloncontextlost: nulloncontextmenu: nulloncontextrestored: nulloncuechange: nullondblclick: nullondrag: nullondragend: nullondragenter: nullondragleave: nullondragover: nullondragstart: nullondrop: nullondurationchange: nullonemptied: nullonended: nullonerror: nullonfocus: nullonformdata: nullongotpointercapture: nullonhashchange: nulloninput: nulloninvalid: nullonkeydown: nullonkeypress: nullonkeyup: nullonlanguagechange: nullonload: nullonloadeddata: nullonloadedmetadata: nullonloadstart: nullonlostpointercapture: nullonmessage: nullonmessageerror: nullonmousedown: nullonmouseenter: nullonmouseleave: nullonmousemove: nullonmouseout: nullonmouseover: nullonmouseup: nullonmousewheel: nullonoffline: nullononline: nullonpagehide: nullonpageshow: nullonpause: nullonplay: nullonplaying: nullonpointercancel: nullonpointerdown: nullonpointerenter: nullonpointerleave: nullonpointermove: nullonpointerout: nullonpointerover: nullonpointerrawupdate: nullonpointerup: nullonpopstate: nullonprogress: nullonratechange: nullonrejectionhandled: nullonreset: nullonresize: nullonscroll: nullonscrollend: nullonsearch: nullonsecuritypolicyviolation: nullonseeked: nullonseeking: nullonselect: nullonselectionchange: nullonselectstart: nullonslotchange: nullonstalled: nullonstorage: nullonsubmit: nullonsuspend: nullontimeupdate: nullontoggle: nullontransitioncancel: nullontransitionend: nullontransitionrun: nullontransitionstart: nullonunhandledrejection: nullonunload: nullonvolumechange: nullonwaiting: nullonwebkitanimationend: nullonwebkitanimationiteration: nullonwebkitanimationstart: nullonwebkittransitionend: nullonwheel: nullopen: ƒ open()openDatabase: ƒ openDatabase()opener: nullorigin: "null"originAgentCluster: falseouterHeight: 42outerWidth: 1134pageXOffset: 0pageYOffset: 0parent: Window {window: Window, self: Window, document: document, name: '', location: Location, …}performance: Performance {timeOrigin: 1690427520051.3, onresourcetimingbufferfull: null, timing: PerformanceTiming, navigation: PerformanceNavigation, memory: MemoryInfo, …}personalbar: BarProp {visible: true}postMessage: ƒ postMessage()print: ƒ print()prompt: ƒ prompt()queueMicrotask: ƒ queueMicrotask()releaseEvents: ƒ releaseEvents()reportError: ƒ reportError()requestAnimationFrame: ƒ requestAnimationFrame()requestIdleCallback: ƒ requestIdleCallback()resizeBy: ƒ resizeBy()resizeTo: ƒ resizeTo()scheduler: Scheduler {}screen: Screen {availWidth: 1134, availHeight: 42, width: 1134, height: 42, colorDepth: 24, …}screenLeft: 0screenTop: 0screenX: 0screenY: 0scroll: ƒ scroll()scrollBy: ƒ scrollBy()scrollTo: ƒ scrollTo()scrollX: 0scrollY: 0scrollbars: BarProp {visible: true}self: Window {window: Window, self: Window, document: document, name: '', location: Location, …}sessionStorage: (...)setInterval: ƒ setInterval()setTimeout: ƒ setTimeout()speechSynthesis: SpeechSynthesis {pending: false, speaking: false, paused: false, onvoiceschanged: null}status: ""statusbar: BarProp {visible: true}stop: ƒ stop()structuredClone: ƒ structuredClone()styleMedia: StyleMedia {type: 'screen'}toolbar: BarProp {visible: true}top: Window {window: Window, self: Window, document: document, name: '', location: Location, …}trustedTypes: TrustedTypePolicyFactory {emptyHTML: emptyHTML "", emptyScript: emptyScript "", defaultPolicy: null}visualViewport: VisualViewport {offsetLeft: 0, offsetTop: 0, pageLeft: 0, pageTop: 0, width: 1134.4000244140625, …}webkitCancelAnimationFrame: ƒ webkitCancelAnimationFrame()webkitRequestAnimationFrame: ƒ webkitRequestAnimationFrame()webkitRequestFileSystem: ƒ webkitRequestFileSystem()webkitResolveLocalFileSystemURL: ƒ webkitResolveLocalFileSystemURL()window: Window {window: Window, self: Window, document: document, name: '', location: Location, …}xyz: ƒ xyz()Infinity: InfinityAbortController: ƒ AbortController()AbortSignal: ƒ AbortSignal()AbstractRange: ƒ AbstractRange()AggregateError: ƒ AggregateError()AnalyserNode: ƒ AnalyserNode()Animation: ƒ Animation()AnimationEffect: ƒ AnimationEffect()AnimationEvent: ƒ AnimationEvent()AnimationPlaybackEvent: ƒ AnimationPlaybackEvent()AnimationTimeline: ƒ AnimationTimeline()Array: ƒ Array()ArrayBuffer: ƒ ArrayBuffer()Atomics: Atomics {load: ƒ, store: ƒ, add: ƒ, sub: ƒ, and: ƒ, …}Attr: ƒ Attr()Audio: ƒ Audio()AudioBuffer: ƒ AudioBuffer()AudioBufferSourceNode: ƒ AudioBufferSourceNode()AudioContext: ƒ AudioContext()AudioData: ƒ AudioData()AudioDestinationNode: ƒ AudioDestinationNode()AudioListener: ƒ AudioListener()AudioNode: ƒ AudioNode()AudioParam: ƒ AudioParam()AudioParamMap: ƒ AudioParamMap()AudioProcessingEvent: ƒ AudioProcessingEvent()AudioScheduledSourceNode: ƒ AudioScheduledSourceNode()AudioSinkInfo: ƒ AudioSinkInfo()AudioWorkletNode: ƒ AudioWorkletNode()BackgroundFetchManager: ƒ BackgroundFetchManager()BackgroundFetchRecord: ƒ BackgroundFetchRecord()BackgroundFetchRegistration: ƒ BackgroundFetchRegistration()BarProp: ƒ BarProp()BaseAudioContext: ƒ BaseAudioContext()BeforeInstallPromptEvent: ƒ BeforeInstallPromptEvent()BeforeUnloadEvent: ƒ BeforeUnloadEvent()BigInt: ƒ BigInt()BigInt64Array: ƒ BigInt64Array()BigUint64Array: ƒ BigUint64Array()BiquadFilterNode: ƒ BiquadFilterNode()Blob: ƒ Blob()BlobEvent: ƒ BlobEvent()BluetoothUUID: ƒ BluetoothUUID()Boolean: ƒ Boolean()BroadcastChannel: ƒ BroadcastChannel()BrowserCaptureMediaStreamTrack: ƒ BrowserCaptureMediaStreamTrack()ByteLengthQueuingStrategy: ƒ ByteLengthQueuingStrategy()CDATASection: ƒ CDATASection()CSS: CSS {Hz: ƒ, Q: ƒ, ch: ƒ, cm: ƒ, cqb: ƒ, …}CSSAnimation: ƒ CSSAnimation()CSSConditionRule: ƒ CSSConditionRule()CSSContainerRule: ƒ CSSContainerRule()CSSCounterStyleRule: ƒ CSSCounterStyleRule()CSSFontFaceRule: ƒ CSSFontFaceRule()CSSFontPaletteValuesRule: ƒ CSSFontPaletteValuesRule()CSSGroupingRule: ƒ CSSGroupingRule()CSSImageValue: ƒ CSSImageValue()CSSImportRule: ƒ CSSImportRule()CSSKeyframeRule: ƒ CSSKeyframeRule()CSSKeyframesRule: ƒ CSSKeyframesRule()CSSKeywordValue: ƒ CSSKeywordValue()CSSLayerBlockRule: ƒ CSSLayerBlockRule()CSSLayerStatementRule: ƒ CSSLayerStatementRule()CSSMathClamp: ƒ CSSMathClamp()CSSMathInvert: ƒ CSSMathInvert()CSSMathMax: ƒ CSSMathMax()CSSMathMin: ƒ CSSMathMin()CSSMathNegate: ƒ CSSMathNegate()CSSMathProduct: ƒ CSSMathProduct()CSSMathSum: ƒ CSSMathSum()CSSMathValue: ƒ CSSMathValue()CSSMatrixComponent: ƒ CSSMatrixComponent()CSSMediaRule: ƒ CSSMediaRule()CSSNamespaceRule: ƒ CSSNamespaceRule()CSSNumericArray: ƒ CSSNumericArray()CSSNumericValue: ƒ CSSNumericValue()CSSPageRule: ƒ CSSPageRule()CSSPerspective: ƒ CSSPerspective()CSSPositionValue: ƒ CSSPositionValue()CSSPropertyRule: ƒ CSSPropertyRule()CSSRotate: ƒ CSSRotate()CSSRule: ƒ CSSRule()CSSRuleList: ƒ CSSRuleList()CSSScale: ƒ CSSScale()CSSSkew: ƒ CSSSkew()CSSSkewX: ƒ CSSSkewX()CSSSkewY: ƒ CSSSkewY()CSSStyleDeclaration: ƒ CSSStyleDeclaration()CSSStyleRule: ƒ CSSStyleRule()CSSStyleSheet: ƒ CSSStyleSheet()CSSStyleValue: ƒ CSSStyleValue()CSSSupportsRule: ƒ CSSSupportsRule()CSSTransformComponent: ƒ CSSTransformComponent()CSSTransformValue: ƒ CSSTransformValue()CSSTransition: ƒ CSSTransition()CSSTranslate: ƒ CSSTranslate()CSSUnitValue: ƒ CSSUnitValue()CSSUnparsedValue: ƒ CSSUnparsedValue()CSSVariableReferenceValue: ƒ CSSVariableReferenceValue()CanvasCaptureMediaStreamTrack: ƒ CanvasCaptureMediaStreamTrack()CanvasGradient: ƒ CanvasGradient()CanvasPattern: ƒ CanvasPattern()CanvasRenderingContext2D: ƒ CanvasRenderingContext2D()ChannelMergerNode: ƒ ChannelMergerNode()ChannelSplitterNode: ƒ ChannelSplitterNode()CharacterData: ƒ CharacterData()ClipboardEvent: ƒ ClipboardEvent()CloseEvent: ƒ CloseEvent()Comment: ƒ Comment()CompositionEvent: ƒ CompositionEvent()CompressionStream: ƒ CompressionStream()ConstantSourceNode: ƒ ConstantSourceNode()ContentVisibilityAutoStateChangeEvent: ƒ ContentVisibilityAutoStateChangeEvent()ConvolverNode: ƒ ConvolverNode()CountQueuingStrategy: ƒ CountQueuingStrategy()CropTarget: ƒ CropTarget()Crypto: ƒ Crypto()CustomElementRegistry: ƒ CustomElementRegistry()CustomEvent: ƒ CustomEvent()CustomStateSet: ƒ CustomStateSet()DOMError: ƒ DOMError()DOMException: ƒ DOMException()DOMImplementation: ƒ DOMImplementation()DOMMatrix: ƒ DOMMatrix()DOMMatrixReadOnly: ƒ DOMMatrixReadOnly()DOMParser: ƒ DOMParser()DOMPoint: ƒ DOMPoint()DOMPointReadOnly: ƒ DOMPointReadOnly()DOMQuad: ƒ DOMQuad()DOMRect: ƒ DOMRect()DOMRectList: ƒ DOMRectList()DOMRectReadOnly: ƒ DOMRectReadOnly()DOMStringList: ƒ DOMStringList()DOMStringMap: ƒ DOMStringMap()DOMTokenList: ƒ DOMTokenList()DataTransfer: ƒ DataTransfer()DataTransferItem: ƒ DataTransferItem()DataTransferItemList: ƒ DataTransferItemList()DataView: ƒ DataView()Date: ƒ Date()DecompressionStream: ƒ DecompressionStream()DelayNode: ƒ DelayNode()DelegatedInkTrailPresenter: ƒ DelegatedInkTrailPresenter()Document: ƒ Document()DocumentFragment: ƒ DocumentFragment()DocumentTimeline: ƒ DocumentTimeline()DocumentType: ƒ DocumentType()DragEvent: ƒ DragEvent()DynamicsCompressorNode: ƒ DynamicsCompressorNode()Element: ƒ Element()ElementInternals: ƒ ElementInternals()EncodedAudioChunk: ƒ EncodedAudioChunk()EncodedVideoChunk: ƒ EncodedVideoChunk()Error: ƒ Error()ErrorEvent: ƒ ErrorEvent()EvalError: ƒ EvalError()Event: ƒ Event()EventCounts: ƒ EventCounts()EventSource: ƒ EventSource()EventTarget: ƒ EventTarget()External: ƒ External()FeaturePolicy: ƒ FeaturePolicy()File: ƒ File()FileList: ƒ FileList()FileReader: ƒ FileReader()FinalizationRegistry: ƒ FinalizationRegistry()Float32Array: ƒ Float32Array()Float64Array: ƒ Float64Array()FocusEvent: ƒ FocusEvent()FontFace: ƒ FontFace()FontFaceSetLoadEvent: ƒ FontFaceSetLoadEvent()FormData: ƒ FormData()FormDataEvent: ƒ FormDataEvent()FragmentDirective: ƒ FragmentDirective()Function: ƒ Function()GainNode: ƒ GainNode()Gamepad: ƒ Gamepad()GamepadButton: ƒ GamepadButton()GamepadEvent: ƒ GamepadEvent()GamepadHapticActuator: ƒ GamepadHapticActuator()Geolocation: ƒ Geolocation()GeolocationCoordinates: ƒ GeolocationCoordinates()GeolocationPosition: ƒ GeolocationPosition()GeolocationPositionError: ƒ GeolocationPositionError()HTMLAllCollection: ƒ HTMLAllCollection()HTMLAnchorElement: ƒ HTMLAnchorElement()HTMLAreaElement: ƒ HTMLAreaElement()HTMLAudioElement: ƒ HTMLAudioElement()HTMLBRElement: ƒ HTMLBRElement()HTMLBaseElement: ƒ HTMLBaseElement()HTMLBodyElement: ƒ HTMLBodyElement()HTMLButtonElement: ƒ HTMLButtonElement()HTMLCanvasElement: ƒ HTMLCanvasElement()HTMLCollection: ƒ HTMLCollection()HTMLDListElement: ƒ HTMLDListElement()HTMLDataElement: ƒ HTMLDataElement()HTMLDataListElement: ƒ HTMLDataListElement()HTMLDetailsElement: ƒ HTMLDetailsElement()HTMLDialogElement: ƒ HTMLDialogElement()HTMLDirectoryElement: ƒ HTMLDirectoryElement()HTMLDivElement: ƒ HTMLDivElement()HTMLDocument: ƒ HTMLDocument()HTMLElement: ƒ HTMLElement()HTMLEmbedElement: ƒ HTMLEmbedElement()HTMLFieldSetElement: ƒ HTMLFieldSetElement()HTMLFontElement: ƒ HTMLFontElement()HTMLFormControlsCollection: ƒ HTMLFormControlsCollection()HTMLFormElement: ƒ HTMLFormElement()HTMLFrameElement: ƒ HTMLFrameElement()HTMLFrameSetElement: ƒ HTMLFrameSetElement()HTMLHRElement: ƒ HTMLHRElement()HTMLHeadElement: ƒ HTMLHeadElement()HTMLHeadingElement: ƒ HTMLHeadingElement()HTMLHtmlElement: ƒ HTMLHtmlElement()HTMLIFrameElement: ƒ HTMLIFrameElement()HTMLImageElement: ƒ HTMLImageElement()HTMLInputElement: ƒ HTMLInputElement()HTMLLIElement: ƒ HTMLLIElement()HTMLLabelElement: ƒ HTMLLabelElement()HTMLLegendElement: ƒ HTMLLegendElement()HTMLLinkElement: ƒ HTMLLinkElement()HTMLMapElement: ƒ HTMLMapElement()HTMLMarqueeElement: ƒ HTMLMarqueeElement()HTMLMediaElement: ƒ HTMLMediaElement()HTMLMenuElement: ƒ HTMLMenuElement()HTMLMetaElement: ƒ HTMLMetaElement()HTMLMeterElement: ƒ HTMLMeterElement()HTMLModElement: ƒ HTMLModElement()HTMLOListElement: ƒ HTMLOListElement()HTMLObjectElement: ƒ HTMLObjectElement()HTMLOptGroupElement: ƒ HTMLOptGroupElement()HTMLOptionElement: ƒ HTMLOptionElement()HTMLOptionsCollection: ƒ HTMLOptionsCollection()HTMLOutputElement: ƒ HTMLOutputElement()HTMLParagraphElement: ƒ HTMLParagraphElement()HTMLParamElement: ƒ HTMLParamElement()HTMLPictureElement: ƒ HTMLPictureElement()HTMLPreElement: ƒ HTMLPreElement()HTMLProgressElement: ƒ HTMLProgressElement()HTMLQuoteElement: ƒ HTMLQuoteElement()HTMLScriptElement: ƒ HTMLScriptElement()HTMLSelectElement: ƒ HTMLSelectElement()HTMLSlotElement: ƒ HTMLSlotElement()HTMLSourceElement: ƒ HTMLSourceElement()HTMLSpanElement: ƒ HTMLSpanElement()HTMLStyleElement: ƒ HTMLStyleElement()HTMLTableCaptionElement: ƒ HTMLTableCaptionElement()HTMLTableCellElement: ƒ HTMLTableCellElement()HTMLTableColElement: ƒ HTMLTableColElement()HTMLTableElement: ƒ HTMLTableElement()HTMLTableRowElement: ƒ HTMLTableRowElement()HTMLTableSectionElement: ƒ HTMLTableSectionElement()HTMLTemplateElement: ƒ HTMLTemplateElement()HTMLTextAreaElement: ƒ HTMLTextAreaElement()HTMLTimeElement: ƒ HTMLTimeElement()HTMLTitleElement: ƒ HTMLTitleElement()HTMLTrackElement: ƒ HTMLTrackElement()HTMLUListElement: ƒ HTMLUListElement()HTMLUnknownElement: ƒ HTMLUnknownElement()HTMLVideoElement: ƒ HTMLVideoElement()HashChangeEvent: ƒ HashChangeEvent()Headers: ƒ Headers()Highlight: ƒ Highlight()HighlightRegistry: ƒ HighlightRegistry()History: ƒ History()IDBCursor: ƒ IDBCursor()IDBCursorWithValue: ƒ IDBCursorWithValue()IDBDatabase: ƒ IDBDatabase()IDBFactory: ƒ IDBFactory()IDBIndex: ƒ IDBIndex()IDBKeyRange: ƒ IDBKeyRange()IDBObjectStore: ƒ IDBObjectStore()IDBOpenDBRequest: ƒ IDBOpenDBRequest()IDBRequest: ƒ IDBRequest()IDBTransaction: ƒ IDBTransaction()IDBVersionChangeEvent: ƒ IDBVersionChangeEvent()IIRFilterNode: ƒ IIRFilterNode()IdleDeadline: ƒ IdleDeadline()Image: ƒ Image()ImageBitmap: ƒ ImageBitmap()ImageBitmapRenderingContext: ƒ ImageBitmapRenderingContext()ImageCapture: ƒ ImageCapture()ImageData: ƒ ImageData()ImageTrack: ƒ ImageTrack()ImageTrackList: ƒ ImageTrackList()Ink: ƒ Ink()InputDeviceCapabilities: ƒ InputDeviceCapabilities()InputDeviceInfo: ƒ InputDeviceInfo()InputEvent: ƒ InputEvent()Int8Array: ƒ Int8Array()Int16Array: ƒ Int16Array()Int32Array: ƒ Int32Array()IntersectionObserver: ƒ IntersectionObserver()IntersectionObserverEntry: ƒ IntersectionObserverEntry()Intl: Intl {getCanonicalLocales: ƒ, supportedValuesOf: ƒ, DateTimeFormat: ƒ, NumberFormat: ƒ, Collator: ƒ, …}JSON: JSON {Symbol(Symbol.toStringTag): 'JSON', parse: ƒ, stringify: ƒ, rawJSON: ƒ, isRawJSON: ƒ}KeyboardEvent: ƒ KeyboardEvent()KeyframeEffect: ƒ KeyframeEffect()LargestContentfulPaint: ƒ LargestContentfulPaint()LaunchParams: ƒ LaunchParams()LaunchQueue: ƒ LaunchQueue()LayoutShift: ƒ LayoutShift()LayoutShiftAttribution: ƒ LayoutShiftAttribution()Location: ƒ Location()Map: ƒ Map()Math: Math {abs: ƒ, acos: ƒ, acosh: ƒ, asin: ƒ, asinh: ƒ, …}MathMLElement: ƒ MathMLElement()MediaCapabilities: ƒ MediaCapabilities()MediaElementAudioSourceNode: ƒ MediaElementAudioSourceNode()MediaEncryptedEvent: ƒ MediaEncryptedEvent()MediaError: ƒ MediaError()MediaList: ƒ MediaList()MediaMetadata: ƒ MediaMetadata()MediaQueryList: ƒ MediaQueryList()MediaQueryListEvent: ƒ MediaQueryListEvent()MediaRecorder: ƒ MediaRecorder()MediaSession: ƒ MediaSession()MediaSource: ƒ MediaSource()MediaSourceHandle: ƒ MediaSourceHandle()MediaStream: ƒ MediaStream()MediaStreamAudioDestinationNode: ƒ MediaStreamAudioDestinationNode()MediaStreamAudioSourceNode: ƒ MediaStreamAudioSourceNode()MediaStreamEvent: ƒ MediaStreamEvent()MediaStreamTrack: ƒ MediaStreamTrack()MediaStreamTrackEvent: ƒ MediaStreamTrackEvent()MediaStreamTrackGenerator: ƒ MediaStreamTrackGenerator()MediaStreamTrackProcessor: ƒ MediaStreamTrackProcessor()MessageChannel: ƒ MessageChannel()MessageEvent: ƒ MessageEvent()MessagePort: ƒ MessagePort()MimeType: ƒ MimeType()MimeTypeArray: ƒ MimeTypeArray()MouseEvent: ƒ MouseEvent()MutationEvent: ƒ MutationEvent()MutationObserver: ƒ MutationObserver()MutationRecord: ƒ MutationRecord()NaN: NaNNamedNodeMap: ƒ NamedNodeMap()NavigateEvent: ƒ NavigateEvent()Navigation: ƒ Navigation()NavigationCurrentEntryChangeEvent: ƒ NavigationCurrentEntryChangeEvent()NavigationDestination: ƒ NavigationDestination()NavigationHistoryEntry: ƒ NavigationHistoryEntry()NavigationTransition: ƒ NavigationTransition()Navigator: ƒ Navigator()NavigatorUAData: ƒ NavigatorUAData()NetworkInformation: ƒ NetworkInformation()Node: ƒ Node()NodeFilter: ƒ NodeFilter()NodeIterator: ƒ NodeIterator()NodeList: ƒ NodeList()Notification: ƒ Notification()Number: ƒ Number()Object: ƒ Object()OfflineAudioCompletionEvent: ƒ OfflineAudioCompletionEvent()OfflineAudioContext: ƒ OfflineAudioContext()OffscreenCanvas: ƒ OffscreenCanvas()OffscreenCanvasRenderingContext2D: ƒ OffscreenCanvasRenderingContext2D()Option: ƒ Option()OscillatorNode: ƒ OscillatorNode()OverconstrainedError: ƒ OverconstrainedError()PageTransitionEvent: ƒ PageTransitionEvent()PannerNode: ƒ PannerNode()Path2D: ƒ Path2D()PaymentManager: ƒ PaymentManager()PaymentRequestUpdateEvent: ƒ PaymentRequestUpdateEvent()Performance: ƒ Performance()PerformanceElementTiming: ƒ PerformanceElementTiming()PerformanceEntry: ƒ PerformanceEntry()PerformanceEventTiming: ƒ PerformanceEventTiming()PerformanceLongTaskTiming: ƒ PerformanceLongTaskTiming()PerformanceMark: ƒ PerformanceMark()PerformanceMeasure: ƒ PerformanceMeasure()PerformanceNavigation: ƒ PerformanceNavigation()PerformanceNavigationTiming: ƒ PerformanceNavigationTiming()PerformanceObserver: ƒ PerformanceObserver()PerformanceObserverEntryList: ƒ PerformanceObserverEntryList()PerformancePaintTiming: ƒ PerformancePaintTiming()PerformanceResourceTiming: ƒ PerformanceResourceTiming()PerformanceServerTiming: ƒ PerformanceServerTiming()PerformanceTiming: ƒ PerformanceTiming()PeriodicSyncManager: ƒ PeriodicSyncManager()PeriodicWave: ƒ PeriodicWave()PermissionStatus: ƒ PermissionStatus()Permissions: ƒ Permissions()PictureInPictureEvent: ƒ PictureInPictureEvent()PictureInPictureWindow: ƒ PictureInPictureWindow()Plugin: ƒ Plugin()PluginArray: ƒ PluginArray()PointerEvent: ƒ PointerEvent()PopStateEvent: ƒ PopStateEvent()ProcessingInstruction: ƒ ProcessingInstruction()Profiler: ƒ Profiler()ProgressEvent: ƒ ProgressEvent()Promise: ƒ Promise()PromiseRejectionEvent: ƒ PromiseRejectionEvent()Proxy: ƒ Proxy()PushManager: ƒ PushManager()PushSubscription: ƒ PushSubscription()PushSubscriptionOptions: ƒ PushSubscriptionOptions()RTCCertificate: ƒ RTCCertificate()RTCDTMFSender: ƒ RTCDTMFSender()RTCDTMFToneChangeEvent: ƒ RTCDTMFToneChangeEvent()RTCDataChannel: ƒ RTCDataChannel()RTCDataChannelEvent: ƒ RTCDataChannelEvent()RTCDtlsTransport: ƒ RTCDtlsTransport()RTCEncodedAudioFrame: ƒ RTCEncodedAudioFrame()RTCEncodedVideoFrame: ƒ RTCEncodedVideoFrame()RTCError: ƒ RTCError()RTCErrorEvent: ƒ RTCErrorEvent()RTCIceCandidate: ƒ RTCIceCandidate()RTCIceTransport: ƒ RTCIceTransport()RTCPeerConnection: ƒ RTCPeerConnection()RTCPeerConnectionIceErrorEvent: ƒ RTCPeerConnectionIceErrorEvent()RTCPeerConnectionIceEvent: ƒ RTCPeerConnectionIceEvent()RTCRtpReceiver: ƒ RTCRtpReceiver()RTCRtpSender: ƒ RTCRtpSender()RTCRtpTransceiver: ƒ RTCRtpTransceiver()RTCSctpTransport: ƒ RTCSctpTransport()RTCSessionDescription: ƒ RTCSessionDescription()RTCStatsReport: ƒ RTCStatsReport()RTCTrackEvent: ƒ RTCTrackEvent()RadioNodeList: ƒ RadioNodeList()Range: ƒ Range()RangeError: ƒ RangeError()ReadableByteStreamController: ƒ ReadableByteStreamController()ReadableStream: ƒ ReadableStream()ReadableStreamBYOBReader: ƒ ReadableStreamBYOBReader()ReadableStreamBYOBRequest: ƒ ReadableStreamBYOBRequest()ReadableStreamDefaultController: ƒ ReadableStreamDefaultController()ReadableStreamDefaultReader: ƒ ReadableStreamDefaultReader()ReferenceError: ƒ ReferenceError()Reflect: Reflect {defineProperty: ƒ, deleteProperty: ƒ, apply: ƒ, construct: ƒ, get: ƒ, …}RegExp: ƒ RegExp()RemotePlayback: ƒ RemotePlayback()ReportingObserver: ƒ ReportingObserver()Request: ƒ Request()ResizeObserver: ƒ ResizeObserver()ResizeObserverEntry: ƒ ResizeObserverEntry()ResizeObserverSize: ƒ ResizeObserverSize()Response: ƒ Response()SVGAElement: ƒ SVGAElement()SVGAngle: ƒ SVGAngle()SVGAnimateElement: ƒ SVGAnimateElement()SVGAnimateMotionElement: ƒ SVGAnimateMotionElement()SVGAnimateTransformElement: ƒ SVGAnimateTransformElement()SVGAnimatedAngle: ƒ SVGAnimatedAngle()SVGAnimatedBoolean: ƒ SVGAnimatedBoolean()SVGAnimatedEnumeration: ƒ SVGAnimatedEnumeration()SVGAnimatedInteger: ƒ SVGAnimatedInteger()SVGAnimatedLength: ƒ SVGAnimatedLength()SVGAnimatedLengthList: ƒ SVGAnimatedLengthList()SVGAnimatedNumber: ƒ SVGAnimatedNumber()SVGAnimatedNumberList: ƒ SVGAnimatedNumberList()SVGAnimatedPreserveAspectRatio: ƒ SVGAnimatedPreserveAspectRatio()SVGAnimatedRect: ƒ SVGAnimatedRect()SVGAnimatedString: ƒ SVGAnimatedString()SVGAnimatedTransformList: ƒ SVGAnimatedTransformList()SVGAnimationElement: ƒ SVGAnimationElement()SVGCircleElement: ƒ SVGCircleElement()SVGClipPathElement: ƒ SVGClipPathElement()SVGComponentTransferFunctionElement: ƒ SVGComponentTransferFunctionElement()SVGDefsElement: ƒ SVGDefsElement()SVGDescElement: ƒ SVGDescElement()SVGElement: ƒ SVGElement()SVGEllipseElement: ƒ SVGEllipseElement()SVGFEBlendElement: ƒ SVGFEBlendElement()SVGFEColorMatrixElement: ƒ SVGFEColorMatrixElement()SVGFEComponentTransferElement: ƒ SVGFEComponentTransferElement()SVGFECompositeElement: ƒ SVGFECompositeElement()SVGFEConvolveMatrixElement: ƒ SVGFEConvolveMatrixElement()SVGFEDiffuseLightingElement: ƒ SVGFEDiffuseLightingElement()SVGFEDisplacementMapElement: ƒ SVGFEDisplacementMapElement()SVGFEDistantLightElement: ƒ SVGFEDistantLightElement()SVGFEDropShadowElement: ƒ SVGFEDropShadowElement()SVGFEFloodElement: ƒ SVGFEFloodElement()SVGFEFuncAElement: ƒ SVGFEFuncAElement()SVGFEFuncBElement: ƒ SVGFEFuncBElement()SVGFEFuncGElement: ƒ SVGFEFuncGElement()SVGFEFuncRElement: ƒ SVGFEFuncRElement()SVGFEGaussianBlurElement: ƒ SVGFEGaussianBlurElement()SVGFEImageElement: ƒ SVGFEImageElement()SVGFEMergeElement: ƒ SVGFEMergeElement()SVGFEMergeNodeElement: ƒ SVGFEMergeNodeElement()SVGFEMorphologyElement: ƒ SVGFEMorphologyElement()SVGFEOffsetElement: ƒ SVGFEOffsetElement()SVGFEPointLightElement: ƒ SVGFEPointLightElement()SVGFESpecularLightingElement: ƒ SVGFESpecularLightingElement()SVGFESpotLightElement: ƒ SVGFESpotLightElement()SVGFETileElement: ƒ SVGFETileElement()SVGFETurbulenceElement: ƒ SVGFETurbulenceElement()SVGFilterElement: ƒ SVGFilterElement()SVGForeignObjectElement: ƒ SVGForeignObjectElement()SVGGElement: ƒ SVGGElement()SVGGeometryElement: ƒ SVGGeometryElement()SVGGradientElement: ƒ SVGGradientElement()SVGGraphicsElement: ƒ SVGGraphicsElement()SVGImageElement: ƒ SVGImageElement()SVGLength: ƒ SVGLength()SVGLengthList: ƒ SVGLengthList()SVGLineElement: ƒ SVGLineElement()SVGLinearGradientElement: ƒ SVGLinearGradientElement()SVGMPathElement: ƒ SVGMPathElement()SVGMarkerElement: ƒ SVGMarkerElement()SVGMaskElement: ƒ SVGMaskElement()SVGMatrix: ƒ SVGMatrix()SVGMetadataElement: ƒ SVGMetadataElement()SVGNumber: ƒ SVGNumber()SVGNumberList: ƒ SVGNumberList()SVGPathElement: ƒ SVGPathElement()SVGPatternElement: ƒ SVGPatternElement()SVGPoint: ƒ SVGPoint()SVGPointList: ƒ SVGPointList()SVGPolygonElement: ƒ SVGPolygonElement()SVGPolylineElement: ƒ SVGPolylineElement()SVGPreserveAspectRatio: ƒ SVGPreserveAspectRatio()SVGRadialGradientElement: ƒ SVGRadialGradientElement()SVGRect: ƒ SVGRect()SVGRectElement: ƒ SVGRectElement()SVGSVGElement: ƒ SVGSVGElement()SVGScriptElement: ƒ SVGScriptElement()SVGSetElement: ƒ SVGSetElement()SVGStopElement: ƒ SVGStopElement()SVGStringList: ƒ SVGStringList()SVGStyleElement: ƒ SVGStyleElement()SVGSwitchElement: ƒ SVGSwitchElement()SVGSymbolElement: ƒ SVGSymbolElement()SVGTSpanElement: ƒ SVGTSpanElement()SVGTextContentElement: ƒ SVGTextContentElement()SVGTextElement: ƒ SVGTextElement()SVGTextPathElement: ƒ SVGTextPathElement()SVGTextPositioningElement: ƒ SVGTextPositioningElement()SVGTitleElement: ƒ SVGTitleElement()SVGTransform: ƒ SVGTransform()SVGTransformList: ƒ SVGTransformList()SVGUnitTypes: ƒ SVGUnitTypes()SVGUseElement: ƒ SVGUseElement()SVGViewElement: ƒ SVGViewElement()Scheduler: ƒ Scheduler()Scheduling: ƒ Scheduling()Screen: ƒ Screen()ScreenOrientation: ƒ ScreenOrientation()ScriptProcessorNode: ƒ ScriptProcessorNode()SecurityPolicyViolationEvent: ƒ SecurityPolicyViolationEvent()Selection: ƒ Selection()Set: ƒ Set()ShadowRoot: ƒ ShadowRoot()SharedWorker: ƒ SharedWorker()SourceBuffer: ƒ SourceBuffer()SourceBufferList: ƒ SourceBufferList()SpeechSynthesisErrorEvent: ƒ SpeechSynthesisErrorEvent()SpeechSynthesisEvent: ƒ SpeechSynthesisEvent()SpeechSynthesisUtterance: ƒ SpeechSynthesisUtterance()StaticRange: ƒ StaticRange()StereoPannerNode: ƒ StereoPannerNode()Storage: ƒ Storage()StorageEvent: ƒ StorageEvent()String: ƒ String()StylePropertyMap: ƒ StylePropertyMap()StylePropertyMapReadOnly: ƒ StylePropertyMapReadOnly()StyleSheet: ƒ StyleSheet()StyleSheetList: ƒ StyleSheetList()SubmitEvent: ƒ SubmitEvent()Symbol: ƒ Symbol()SyncManager: ƒ SyncManager()SyntaxError: ƒ SyntaxError()TaskAttributionTiming: ƒ TaskAttributionTiming()TaskController: ƒ TaskController()TaskPriorityChangeEvent: ƒ TaskPriorityChangeEvent()TaskSignal: ƒ TaskSignal()Text: ƒ Text()TextDecoder: ƒ TextDecoder()TextDecoderStream: ƒ TextDecoderStream()TextEncoder: ƒ TextEncoder()TextEncoderStream: ƒ TextEncoderStream()TextEvent: ƒ TextEvent()TextMetrics: ƒ TextMetrics()TextTrack: ƒ TextTrack()TextTrackCue: ƒ TextTrackCue()TextTrackCueList: ƒ TextTrackCueList()TextTrackList: ƒ TextTrackList()TimeRanges: ƒ TimeRanges()ToggleEvent: ƒ ToggleEvent()Touch: ƒ Touch()TouchEvent: ƒ TouchEvent()TouchList: ƒ TouchList()TrackEvent: ƒ TrackEvent()TransformStream: ƒ TransformStream()TransformStreamDefaultController: ƒ TransformStreamDefaultController()TransitionEvent: ƒ TransitionEvent()TreeWalker: ƒ TreeWalker()TrustedHTML: ƒ TrustedHTML()TrustedScript: ƒ TrustedScript()TrustedScriptURL: ƒ TrustedScriptURL()TrustedTypePolicy: ƒ TrustedTypePolicy()TrustedTypePolicyFactory: ƒ TrustedTypePolicyFactory()TypeError: ƒ TypeError()UIEvent: ƒ UIEvent()URIError: ƒ URIError()URL: ƒ URL()URLPattern: ƒ URLPattern()URLSearchParams: ƒ URLSearchParams()Uint8Array: ƒ Uint8Array()Uint8ClampedArray: ƒ Uint8ClampedArray()Uint16Array: ƒ Uint16Array()Uint32Array: ƒ Uint32Array()UserActivation: ƒ UserActivation()VTTCue: ƒ VTTCue()ValidityState: ƒ ValidityState()VideoColorSpace: ƒ VideoColorSpace()VideoFrame: ƒ VideoFrame()VideoPlaybackQuality: ƒ VideoPlaybackQuality()ViewTransition: ƒ ViewTransition()VirtualKeyboardGeometryChangeEvent: ƒ VirtualKeyboardGeometryChangeEvent()VisualViewport: ƒ VisualViewport()WaveShaperNode: ƒ WaveShaperNode()WeakMap: ƒ WeakMap()WeakRef: ƒ WeakRef()WeakSet: ƒ WeakSet()WebAssembly: WebAssembly {compile: ƒ, validate: ƒ, instantiate: ƒ, compileStreaming: ƒ, instantiateStreaming: ƒ, …}WebGL2RenderingContext: ƒ WebGL2RenderingContext()WebGLActiveInfo: ƒ WebGLActiveInfo()WebGLBuffer: ƒ WebGLBuffer()WebGLContextEvent: ƒ WebGLContextEvent()WebGLFramebuffer: ƒ WebGLFramebuffer()WebGLProgram: ƒ WebGLProgram()WebGLQuery: ƒ WebGLQuery()WebGLRenderbuffer: ƒ WebGLRenderbuffer()WebGLRenderingContext: ƒ WebGLRenderingContext()WebGLSampler: ƒ WebGLSampler()WebGLShader: ƒ WebGLShader()WebGLShaderPrecisionFormat: ƒ WebGLShaderPrecisionFormat()WebGLSync: ƒ WebGLSync()WebGLTexture: ƒ WebGLTexture()WebGLTransformFeedback: ƒ WebGLTransformFeedback()WebGLUniformLocation: ƒ WebGLUniformLocation()WebGLVertexArrayObject: ƒ WebGLVertexArrayObject()WebKitCSSMatrix: ƒ DOMMatrix()WebKitMutationObserver: ƒ MutationObserver()WebSocket: ƒ WebSocket()WheelEvent: ƒ WheelEvent()Window: ƒ Window()WindowControlsOverlay: ƒ WindowControlsOverlay()WindowControlsOverlayGeometryChangeEvent: ƒ WindowControlsOverlayGeometryChangeEvent()Worker: ƒ Worker()WritableStream: ƒ WritableStream()WritableStreamDefaultController: ƒ WritableStreamDefaultController()WritableStreamDefaultWriter: ƒ WritableStreamDefaultWriter()XMLDocument: ƒ XMLDocument()XMLHttpRequest: ƒ XMLHttpRequest()XMLHttpRequestEventTarget: ƒ XMLHttpRequestEventTarget()XMLHttpRequestUpload: ƒ XMLHttpRequestUpload()XMLSerializer: ƒ XMLSerializer()XPathEvaluator: ƒ XPathEvaluator()XPathExpression: ƒ XPathExpression()XPathResult: ƒ XPathResult()XSLTProcessor: ƒ XSLTProcessor()console: console {debug: ƒ, error: ƒ, info: ƒ, log: ƒ, warn: ƒ, …}decodeURI: ƒ decodeURI()decodeURIComponent: ƒ decodeURIComponent()encodeURI: ƒ encodeURI()encodeURIComponent: ƒ encodeURIComponent()escape: ƒ escape()eval: ƒ eval()event: undefinedglobalThis: Window {window: Window, self: Window, document: document, name: '', location: Location, …}isFinite: ƒ isFinite()isNaN: ƒ isNaN()offscreenBuffering: trueparseFloat: ƒ parseFloat()parseInt: ƒ parseInt()undefined: undefinedunescape: ƒ unescape()webkitMediaStream: ƒ MediaStream()webkitRTCPeerConnection: ƒ RTCPeerConnection()webkitSpeechGrammar: ƒ SpeechGrammar()webkitSpeechGrammarList: ƒ SpeechGrammarList()webkitSpeechRecognition: ƒ SpeechRecognition()webkitSpeechRecognitionError: ƒ SpeechRecognitionErrorEvent()webkitSpeechRecognitionEvent: ƒ SpeechRecognitionEvent()webkitURL: ƒ URL()get localStorage: ƒ localStorage()get sessionStorage: ƒ sessionStorage()[[Prototype]]: Window
undefined
const e1 = () => console.log("Arrow");
undefined
e1();
VM1491:1 Arrow
undefined
var gg = new e1();
VM1578:1 Uncaught TypeError: e1 is not a constructor
    at <anonymous>:1:10
(anonymous) @ VM1578:1
const g = new e1();
VM1646:1 Uncaught TypeError: e1 is not a constructor
    at <anonymous>:1:11
(anonymous) @ VM1646:1
const e1 = () => console.log("Arrow", this);
undefined
e1();
VM1798:1 Arrow Window {window: Window, self: Window, document: document, name: '', location: Location, …}
undefined
//Short hand syntax
undefined
/*Rec for single line function
lexical this is used
does not behave like function constructor i.e cannot create object using arrow function
VM2205:1 Uncaught SyntaxError: Invalid or unexpected token
/*Rec for single line function*/
lexical this is used
does not behave like function constructor i.e cannot create object using arrow function
VM2209:2 Uncaught SyntaxError: Unexpected token 'this'
/*Rec for single line function
lexical this is used
does not behave like function constructor i.e cannot create object using arrow function*/
undefined
vae obj = {
VM2247:1 Uncaught SyntaxError: Unexpected identifier 'obj'
var obj = {
    even : [],
    odd : [],
    arr : [10,9,20,3,50,70,11],
    fillEvenOdd(){
        this.arr.forEach(function(e){
    })
}
VM2495:8 Uncaught SyntaxError: Unexpected end of input
var obj = {
    even : [],
    odd : [],
    arr : [10,9,20,3,50,70,11],
    fillEvenOdd(){
        this.arr.forEach(function(e){
            if(e%2==0){
                this.even.push(e);
            }
            else {
                this.odd.push(e);
            }
        )}
    }
}
VM2615:13 Uncaught SyntaxError: Unexpected token ')'
var obj = {
    even : [],
    odd : [],
    arr : [10,9,20,3,50,70,11],
    fillEvenOdd(){
        this.arr.forEach(function(e){
            if(e%2==0){
                this.even.push(e);
            }
            else {
                this.odd.push(e);
            }
        })
    }
}
undefined
arr.forEach;
VM2696:1 Uncaught ReferenceError: arr is not defined
    at <anonymous>:1:1
(anonymous) @ VM2696:1
var arr = {10,20,30,40,50,60};
VM2765:1 Uncaught SyntaxError: Unexpected number
var arr = [10,20,30,40,50,60];
undefined
arr.forEach;
ƒ forEach() { [native code] }
arr.forEach(function(e){
    console.log(e);
})
VM2970:2 10
VM2970:2 20
VM2970:2 30
VM2970:2 40
VM2970:2 50
VM2970:2 60
undefined
fillEvenOdd();
VM3015:1 Uncaught ReferenceError: fillEvenOdd is not defined
    at <anonymous>:1:1
(anonymous) @ VM3015:1
arr.forEach(function(e){
    console.log("E is " e);
})
VM3040:2 Uncaught SyntaxError: missing ) after argument list
arr.forEach(function(a){
    console.log("E is " e);
})
VM3054:2 Uncaught SyntaxError: missing ) after argument list
arr.forEach(function(a){
    console.log("E is ", e);
})
VM3065:2 E is  xyz {}[[Prototype]]: Objectconstructor: ƒ xyz()arguments: nullcaller: nulllength: 0name: "xyz"prototype: {constructor: ƒ}[[FunctionLocation]]: VM1230:1[[Prototype]]: ƒ ()[[Scopes]]: Scopes[2][[Prototype]]: Object
VM3065:2 E is  xyz {}
VM3065:2 E is  xyz {}
VM3065:2 E is  xyz {}
VM3065:2 E is  xyz {}
VM3065:2 E is  xyz {}
undefined
arr.forEach(function(e){
    console.log("E is ", e);
})
VM3072:2 E is  10
VM3072:2 E is  20
VM3072:2 E is  30
VM3072:2 E is  40
VM3072:2 E is  50
VM3072:2 E is  60
undefined
var a = [[10,20],[30,40]];
undefined
a.forEach(e=>e.forEach(y=>console.log(y)));
VM3299:1 10
VM3299:1 20
VM3299:1 30
VM3299:1 40
undefined
arr;
(6) [10, 20, 30, 40, 50, 60]
arr.findIndex(e=>e==30);
2
arr.filter(e=>e>=30);
(4) [30, 40, 50, 60]
arr.filter(e=>e>=30).length;
4
//cloning can also be done using filter
undefined
var t = arr.filter(e=>true);
undefined
t;
(6) [10, 20, 30, 40, 50, 60]
t == arr;
false
arr;
(6) [10, 20, 30, 40, 50, 60]
arr = [10,20,30,100,10,20,30,100,30,90];
(10) [10, 20, 30, 100, 10, 20, 30, 100, 30, 90]
arr = arr.filter(e=>e!=30);
(7) [10, 20, 100, 10, 20, 100, 90]
//sorting
undefined
arr.sort();
(7) [10, 10, 100, 100, 20, 20, 90]
arr.sort((a,b)=>a-b);
(7) [10, 10, 20, 20, 90, 100, 100]
arr.sort((a,b)=>b-a);
(7) [100, 100, 90, 20, 20, 10, 10]
var names = ["tim","ben","john","stokes","Nitin"];
undefined
names.sort();
(5) ['Nitin', 'ben', 'john', 'stokes', 'tim']
var names = ["tim","ben","john","stokes","nitin"];
undefined
names.sort();
(5) ['ben', 'john', 'nitin', 'stokes', 'tim']
"tim".loca
undefined
"tim".localeCompare"nitin";
VM4494:1 Uncaught SyntaxError: Unexpected string
"tim".localeCompare("nitin");
1
