const promise = fetch('https://gist.githubusercontent.com/kshirsagarps/36fade16fa39202715656ef487aaf7b0/raw/2b682e589ef283f06be42d2799dfa54f57794a6e/Pizza.json');
undefined
promise;
Promise {<fulfilled>: Response}
const promise = fetch('https://gist.githubusercontent.com/kshirsagarps/36fade16fa39202715656ef487aaf7b0/raw/2b682e589ef283f06be42d2799dfa54f57794a6e/Pizza.json');
undefined
console.log('Promise is ',promise);
VM246:1 Promise is  Promise {<fulfilled>: Response}
undefined
console.log('Promise is ',promise);
promise.then(response=>{
    console.log('Data Comes ', response);
}).catch(err=>console.log('Error is ',err));
console.log('Code Ends ');
VM250:1 Promise is  Promise {<fulfilled>: Response}
VM250:5 Code Ends 
VM250:3 Data Comes  Response {type: 'cors', url: 'https://gist.githubusercontent.com/kshirsagarps/36…682e589ef283f06be42d2799dfa54f57794a6e/Pizza.json', redirected: false, status: 200, ok: true, …}body: (...)bodyUsed: falseheaders: Headers {}ok: trueredirected: falsestatus: 200statusText: ""type: "cors"url: "https://gist.githubusercontent.com/kshirsagarps/36fade16fa39202715656ef487aaf7b0/raw/2b682e589ef283f06be42d2799dfa54f57794a6e/Pizza.json"[[Prototype]]: Response
undefined
const fetchData = async ()=>{
    fetch('https://gist.githubusercontent.com/kshirsagarps/36fade16fa39202715656ef487aaf7b0/raw/2b682e589ef283f06be42d2799dfa54f57794a6e/Pizza.json');
    const resp = await 
        fetch('https://gist.githubusercontent.com/kshirsagarps/36fade16fa39202715656ef487aaf7b0/raw/2b682e589ef283f06be42d2799dfa54f57794a6e/Pizza.json');
    const data = await resp.json();
    console.log('Data is ', data);
}
undefined
fetchData();
Promise {<pending>}[[Prototype]]: Promise[[PromiseState]]: "fulfilled"[[PromiseResult]]: undefined
VM752:6 Data is  {Vegetarian: Array(3)}Vegetarian: Array(3)0: {id: 10, name: 'Vegan Veggie', price: '23.95', menu_description: 'Daiya vegan mozzarella, paired with fresh veggies', classifications: {…}, …}1: {id: 11, name: 'Veggie Zupreme', price: '19.95', menu_description: 'The freshest, locally sourced veggies', classifications: {…}, …}2: {id: 12, name: 'The O.G.', price: '16.95', menu_description: 'The Margherita—with California flair', classifications: {…}, …}length: 3[[Prototype]]: Array(0)[[Prototype]]: Object
const fetchData = async ()=>{

    const resp = await 
        fetch('https://gist.githubusercontent.com/kshirsagarps/36fade16fa39202715656ef487aaf7b0/raw/2b682e589ef283f06be42d2799dfa54f57794a6e/Pizza.json');
    const data = await resp.json();
    console.log('Data is ', data);
}
undefined
fetchData();
Promise {<pending>}[[Prototype]]: Promise[[PromiseState]]: "fulfilled"[[PromiseResult]]: undefined
VM796:6 Data is  {Vegetarian: Array(3)}
